<?xml version="1.0" encoding="UTF-8"?>
<!-- Generated by org.testng.reporters.JUnitReportReporter -->
<testsuite hostname="DESKTOP-M5HSU70" failures="0" tests="1" name="org.testing.testScripts.TC7" time="38.882" errors="0" timestamp="5 Dec 2024 01:23:58 GMT">
  <testcase classname="org.testing.testScripts.TC7" name="watchLater" time="38.882"/>
</testsuite>
