<?xml version="1.0" encoding="UTF-8"?>
<!-- Generated by org.testng.reporters.JUnitReportReporter -->
<testsuite hostname="DESKTOP-M5HSU70" failures="0" tests="1" name="org.testing.testScripts.TC8" time="37.815" errors="0" timestamp="5 Dec 2024 01:23:58 GMT">
  <testcase classname="org.testing.testScripts.TC8" name="library" time="37.815"/>
</testsuite>
